Build started 8/12/2015 7:20:10 AM.
     1>Project "C:\Users\Sho3la\Desktop\version3\version2\version2.vcxproj" on node 2 (Build target(s)).
     1>ClCompile:
         C:\Program Files (x86)\Microsoft Visual Studio 11.0\VC\bin\CL.exe /c /I"C:\Program Files (x86)\Visual Leak Detector\include" /ZI /nologo /W3 /WX- /sdl /Od /Oy- /D WIN32 /D _DEBUG /D _CONSOLE /D _UNICODE /D UNICODE /Gm /EHsc /RTC1 /MDd /GS /fp:precise /Zc:wchar_t /Zc:forScope /Fo"Debug\\" /Fd"Debug\vc110.pdb" /Gd /TP /analyze- /errorReport:prompt Body.cpp Clock.cpp Collision.cpp Manifold.cpp PhysicsN.cpp World.cpp main.cpp
         Body.cpp
     1>c:\users\sho3la\desktop\version3\version2\world.h(10): warning C4018: '<' : signed/unsigned mismatch
         Generating Code...
         Compiling...
         main.cpp
     1>c:\users\sho3la\desktop\version3\version2\world.h(10): warning C4018: '<' : signed/unsigned mismatch
         World.cpp
     1>c:\users\sho3la\desktop\version3\version2\world.h(10): warning C4018: '<' : signed/unsigned mismatch
         PhysicsN.cpp
     1>c:\users\sho3la\desktop\version3\version2\world.h(10): warning C4018: '<' : signed/unsigned mismatch
         Manifold.cpp
     1>c:\users\sho3la\desktop\version3\version2\world.h(10): warning C4018: '<' : signed/unsigned mismatch
         Collision.cpp
     1>c:\users\sho3la\desktop\version3\version2\world.h(10): warning C4018: '<' : signed/unsigned mismatch
         Clock.cpp
     1>c:\users\sho3la\desktop\version3\version2\world.h(10): warning C4018: '<' : signed/unsigned mismatch
         Generating Code...
       Link:
         C:\Program Files (x86)\Microsoft Visual Studio 11.0\VC\bin\link.exe /ERRORREPORT:PROMPT /OUT:"C:\Users\Sho3la\Desktop\version3\Debug\version2.exe" /INCREMENTAL /NOLOGO /LIBPATH:"C:\Program Files (x86)\Visual Leak Detector\lib\Win32" kernel32.lib user32.lib gdi32.lib winspool.lib comdlg32.lib advapi32.lib shell32.lib ole32.lib oleaut32.lib uuid.lib odbc32.lib odbccp32.lib /MANIFEST /MANIFESTUAC:"level='asInvoker' uiAccess='false'" /manifest:embed /DEBUG /PDB:"C:\Users\Sho3la\Desktop\version3\Debug\version2.pdb" /SUBSYSTEM:CONSOLE /TLBID:1 /DYNAMICBASE /NXCOMPAT /IMPLIB:"C:\Users\Sho3la\Desktop\version3\Debug\version2.lib" /MACHINE:X86 Debug\Body.obj
         Debug\Clock.obj
         Debug\Collision.obj
         Debug\main.obj
         Debug\Manifold.obj
         Debug\PhysicsN.obj
         Debug\World.obj
         version2.vcxproj -> C:\Users\Sho3la\Desktop\version3\Debug\version2.exe
     1>Done Building Project "C:\Users\Sho3la\Desktop\version3\version2\version2.vcxproj" (Build target(s)).

Build succeeded.

Time Elapsed 00:00:07.20
