D:\CIS\ENGINES_DEV\2D_PHYSICS\VERSION2\VERSION2\DEBUG\BODY.OBJ
D:\CIS\ENGINES_DEV\2D_PHYSICS\VERSION2\VERSION2\DEBUG\CIRCLE.OBJ
D:\CIS\ENGINES_DEV\2D_PHYSICS\VERSION2\VERSION2\DEBUG\CLOCK.OBJ
D:\CIS\ENGINES_DEV\2D_PHYSICS\VERSION2\VERSION2\DEBUG\COLLISION.OBJ
D:\CIS\ENGINES_DEV\2D_PHYSICS\VERSION2\VERSION2\DEBUG\MAIN.OBJ
D:\CIS\ENGINES_DEV\2D_PHYSICS\VERSION2\VERSION2\DEBUG\MANIFOLD.OBJ
D:\CIS\ENGINES_DEV\2D_PHYSICS\VERSION2\VERSION2\DEBUG\PHYSICSN.OBJ
D:\CIS\ENGINES_DEV\2D_PHYSICS\VERSION2\VERSION2\DEBUG\POLYGON.OBJ
D:\CIS\ENGINES_DEV\2D_PHYSICS\VERSION2\VERSION2\DEBUG\PRECOMPILED.OBJ
D:\CIS\ENGINES_DEV\2D_PHYSICS\VERSION2\VERSION2\DEBUG\RENDER.OBJ
D:\CIS\ENGINES_DEV\2D_PHYSICS\VERSION2\VERSION2\DEBUG\SCENE.OBJ
D:\CIS\ENGINES_DEV\2D_PHYSICS\VERSION2\VERSION2\DEBUG\VC110.PDB
D:\CIS\ENGINES_DEV\2D_PHYSICS\VERSION3\VERSION2\DEBUG\BODY.OBJ
D:\CIS\ENGINES_DEV\2D_PHYSICS\VERSION3\VERSION2\DEBUG\CIRCLE.OBJ
D:\CIS\ENGINES_DEV\2D_PHYSICS\VERSION3\VERSION2\DEBUG\CLOCK.OBJ
D:\CIS\ENGINES_DEV\2D_PHYSICS\VERSION3\VERSION2\DEBUG\COLLISION.OBJ
D:\CIS\ENGINES_DEV\2D_PHYSICS\VERSION3\VERSION2\DEBUG\MAIN.OBJ
D:\CIS\ENGINES_DEV\2D_PHYSICS\VERSION3\VERSION2\DEBUG\MANIFOLD.OBJ
D:\CIS\ENGINES_DEV\2D_PHYSICS\VERSION3\VERSION2\DEBUG\PHYSICSN.OBJ
D:\CIS\ENGINES_DEV\2D_PHYSICS\VERSION3\VERSION2\DEBUG\POLYGON.OBJ
D:\CIS\ENGINES_DEV\2D_PHYSICS\VERSION3\VERSION2\DEBUG\SCENE.OBJ
D:\CIS\ENGINES_DEV\2D_PHYSICS\VERSION3\VERSION2\DEBUG\VC110.PDB
D:\DEMOS\VERSION3\VERSION2\DEBUG\BODY.OBJ
D:\DEMOS\VERSION3\VERSION2\DEBUG\CLOCK.OBJ
D:\DEMOS\VERSION3\VERSION2\DEBUG\COLLISION.OBJ
D:\DEMOS\VERSION3\VERSION2\DEBUG\MANIFOLD.OBJ
D:\DEMOS\VERSION3\VERSION2\DEBUG\PHYSICSN.OBJ
D:\DEMOS\VERSION3\VERSION2\DEBUG\POLYGON.OBJ
D:\DEMOS\VERSION3\VERSION2\DEBUG\SCENE.OBJ
D:\DEMOS\VERSION3\VERSION2\DEBUG\CIRCLE.OBJ
D:\DEMOS\VERSION3\VERSION2\DEBUG\VC110.PDB
D:\DEMOS\VERSION3\VERSION2\DEBUG\MAIN.OBJ
D:\DEMOS\VERSION3\VERSION2\DEBUG\SOURCE.OBJ
C:\USERS\SHO3LA\DESKTOP\VERSION3\VERSION2\DEBUG\BODY.OBJ
C:\USERS\SHO3LA\DESKTOP\VERSION3\VERSION2\DEBUG\CIRCLE.OBJ
C:\USERS\SHO3LA\DESKTOP\VERSION3\VERSION2\DEBUG\CLOCK.OBJ
C:\USERS\SHO3LA\DESKTOP\VERSION3\VERSION2\DEBUG\COLLISION.OBJ
C:\USERS\SHO3LA\DESKTOP\VERSION3\VERSION2\DEBUG\MAIN.OBJ
C:\USERS\SHO3LA\DESKTOP\VERSION3\VERSION2\DEBUG\MANIFOLD.OBJ
C:\USERS\SHO3LA\DESKTOP\VERSION3\VERSION2\DEBUG\PHYSICSN.OBJ
C:\USERS\SHO3LA\DESKTOP\VERSION3\VERSION2\DEBUG\POLYGON.OBJ
C:\USERS\SHO3LA\DESKTOP\VERSION3\VERSION2\DEBUG\WORLD.OBJ
C:\USERS\SHO3LA\DESKTOP\VERSION3\VERSION2\DEBUG\VC110.PDB
D:\CIS\ENGINES_DEV\2D_PHYSICS\VERSION2\DEBUG\VERSION2.ILK
D:\CIS\ENGINES_DEV\2D_PHYSICS\VERSION2\DEBUG\VERSION2.EXE
D:\CIS\ENGINES_DEV\2D_PHYSICS\VERSION2\DEBUG\VERSION2.PDB
D:\CIS\ENGINES_DEV\2D_PHYSICS\VERSION3\DEBUG\VERSION2.ILK
D:\CIS\ENGINES_DEV\2D_PHYSICS\VERSION3\DEBUG\VERSION2.EXE
D:\CIS\ENGINES_DEV\2D_PHYSICS\VERSION3\DEBUG\VERSION2.PDB
D:\DEMOS\VERSION3\DEBUG\VERSION2.ILK
D:\DEMOS\VERSION3\DEBUG\VERSION2.EXE
D:\DEMOS\VERSION3\DEBUG\VERSION2.PDB
C:\USERS\SHO3LA\DESKTOP\VERSION3\DEBUG\VERSION2.ILK
C:\USERS\SHO3LA\DESKTOP\VERSION3\DEBUG\VERSION2.EXE
C:\USERS\SHO3LA\DESKTOP\VERSION3\DEBUG\VERSION2.PDB
C:\Users\Sho3la\Desktop\version3\version2\Debug\Body.obj
C:\Users\Sho3la\Desktop\version3\version2\Debug\circle.obj
C:\Users\Sho3la\Desktop\version3\version2\Debug\Clock.obj
C:\Users\Sho3la\Desktop\version3\version2\Debug\Collision.obj
C:\Users\Sho3la\Desktop\version3\version2\Debug\main.obj
C:\Users\Sho3la\Desktop\version3\version2\Debug\Manifold.obj
C:\Users\Sho3la\Desktop\version3\version2\Debug\PhysicsN.obj
C:\Users\Sho3la\Desktop\version3\version2\Debug\Polygon.obj
C:\Users\Sho3la\Desktop\version3\version2\Debug\Precompiled.obj
C:\Users\Sho3la\Desktop\version3\version2\Debug\Render.obj
C:\Users\Sho3la\Desktop\version3\version2\Debug\Scene.obj
C:\Users\Sho3la\Desktop\version3\version2\Debug\Source.obj
C:\Users\Sho3la\Desktop\version3\version2\Debug\World.obj
C:\Users\Sho3la\Desktop\version3\version2\Debug\cl.command.1.tlog
C:\Users\Sho3la\Desktop\version3\version2\Debug\CL.read.1.tlog
C:\Users\Sho3la\Desktop\version3\version2\Debug\CL.write.1.tlog
C:\Users\Sho3la\Desktop\version3\version2\Debug\link-cvtres.read.1.tlog
C:\Users\Sho3la\Desktop\version3\version2\Debug\link-cvtres.write.1.tlog
C:\Users\Sho3la\Desktop\version3\version2\Debug\link-rc.read.1.tlog
C:\Users\Sho3la\Desktop\version3\version2\Debug\link-rc.write.1.tlog
C:\Users\Sho3la\Desktop\version3\version2\Debug\link.2468-cvtres.read.1.tlog
C:\Users\Sho3la\Desktop\version3\version2\Debug\link.2468-cvtres.write.1.tlog
C:\Users\Sho3la\Desktop\version3\version2\Debug\link.2468-rc.read.1.tlog
C:\Users\Sho3la\Desktop\version3\version2\Debug\link.2468-rc.write.1.tlog
C:\Users\Sho3la\Desktop\version3\version2\Debug\link.2468.read.1.tlog
C:\Users\Sho3la\Desktop\version3\version2\Debug\link.2468.write.1.tlog
C:\Users\Sho3la\Desktop\version3\version2\Debug\link.2820-cvtres.read.1.tlog
C:\Users\Sho3la\Desktop\version3\version2\Debug\link.2820-cvtres.write.1.tlog
C:\Users\Sho3la\Desktop\version3\version2\Debug\link.2820-rc.read.1.tlog
C:\Users\Sho3la\Desktop\version3\version2\Debug\link.2820-rc.write.1.tlog
C:\Users\Sho3la\Desktop\version3\version2\Debug\link.2820.read.1.tlog
C:\Users\Sho3la\Desktop\version3\version2\Debug\link.2820.write.1.tlog
C:\Users\Sho3la\Desktop\version3\version2\Debug\link.3128-cvtres.read.1.tlog
C:\Users\Sho3la\Desktop\version3\version2\Debug\link.3128-cvtres.write.1.tlog
C:\Users\Sho3la\Desktop\version3\version2\Debug\link.3128-rc.read.1.tlog
C:\Users\Sho3la\Desktop\version3\version2\Debug\link.3128-rc.write.1.tlog
C:\Users\Sho3la\Desktop\version3\version2\Debug\link.3128.read.1.tlog
C:\Users\Sho3la\Desktop\version3\version2\Debug\link.3128.write.1.tlog
C:\Users\Sho3la\Desktop\version3\version2\Debug\link.4272-cvtres.read.1.tlog
C:\Users\Sho3la\Desktop\version3\version2\Debug\link.4272-cvtres.write.1.tlog
C:\Users\Sho3la\Desktop\version3\version2\Debug\link.4272-rc.read.1.tlog
C:\Users\Sho3la\Desktop\version3\version2\Debug\link.4272-rc.write.1.tlog
C:\Users\Sho3la\Desktop\version3\version2\Debug\link.4272.read.1.tlog
C:\Users\Sho3la\Desktop\version3\version2\Debug\link.4272.write.1.tlog
C:\Users\Sho3la\Desktop\version3\version2\Debug\link.4572-cvtres.read.1.tlog
C:\Users\Sho3la\Desktop\version3\version2\Debug\link.4572-cvtres.write.1.tlog
C:\Users\Sho3la\Desktop\version3\version2\Debug\link.4572-rc.read.1.tlog
C:\Users\Sho3la\Desktop\version3\version2\Debug\link.4572-rc.write.1.tlog
C:\Users\Sho3la\Desktop\version3\version2\Debug\link.4572.read.1.tlog
C:\Users\Sho3la\Desktop\version3\version2\Debug\link.4572.write.1.tlog
C:\Users\Sho3la\Desktop\version3\version2\Debug\link.6196-cvtres.read.1.tlog
C:\Users\Sho3la\Desktop\version3\version2\Debug\link.6196-cvtres.write.1.tlog
C:\Users\Sho3la\Desktop\version3\version2\Debug\link.6196-rc.read.1.tlog
C:\Users\Sho3la\Desktop\version3\version2\Debug\link.6196-rc.write.1.tlog
C:\Users\Sho3la\Desktop\version3\version2\Debug\link.6196.read.1.tlog
C:\Users\Sho3la\Desktop\version3\version2\Debug\link.6196.write.1.tlog
C:\Users\Sho3la\Desktop\version3\version2\Debug\link.6280-cvtres.read.1.tlog
C:\Users\Sho3la\Desktop\version3\version2\Debug\link.6280-cvtres.write.1.tlog
C:\Users\Sho3la\Desktop\version3\version2\Debug\link.6280-rc.read.1.tlog
C:\Users\Sho3la\Desktop\version3\version2\Debug\link.6280-rc.write.1.tlog
C:\Users\Sho3la\Desktop\version3\version2\Debug\link.6280.read.1.tlog
C:\Users\Sho3la\Desktop\version3\version2\Debug\link.6280.write.1.tlog
C:\Users\Sho3la\Desktop\version3\version2\Debug\link.6304-cvtres.read.1.tlog
C:\Users\Sho3la\Desktop\version3\version2\Debug\link.6304-cvtres.write.1.tlog
C:\Users\Sho3la\Desktop\version3\version2\Debug\link.6304-rc.read.1.tlog
C:\Users\Sho3la\Desktop\version3\version2\Debug\link.6304-rc.write.1.tlog
C:\Users\Sho3la\Desktop\version3\version2\Debug\link.6304.read.1.tlog
C:\Users\Sho3la\Desktop\version3\version2\Debug\link.6304.write.1.tlog
C:\Users\Sho3la\Desktop\version3\version2\Debug\link.6656-cvtres.read.1.tlog
C:\Users\Sho3la\Desktop\version3\version2\Debug\link.6656-cvtres.write.1.tlog
C:\Users\Sho3la\Desktop\version3\version2\Debug\link.6656-rc.read.1.tlog
C:\Users\Sho3la\Desktop\version3\version2\Debug\link.6656-rc.write.1.tlog
C:\Users\Sho3la\Desktop\version3\version2\Debug\link.6656.read.1.tlog
C:\Users\Sho3la\Desktop\version3\version2\Debug\link.6656.write.1.tlog
C:\Users\Sho3la\Desktop\version3\version2\Debug\link.6696-cvtres.read.1.tlog
C:\Users\Sho3la\Desktop\version3\version2\Debug\link.6696-cvtres.write.1.tlog
C:\Users\Sho3la\Desktop\version3\version2\Debug\link.6696-rc.read.1.tlog
C:\Users\Sho3la\Desktop\version3\version2\Debug\link.6696-rc.write.1.tlog
C:\Users\Sho3la\Desktop\version3\version2\Debug\link.6696.read.1.tlog
C:\Users\Sho3la\Desktop\version3\version2\Debug\link.6696.write.1.tlog
C:\Users\Sho3la\Desktop\version3\version2\Debug\link.6740-cvtres.read.1.tlog
C:\Users\Sho3la\Desktop\version3\version2\Debug\link.6740-cvtres.write.1.tlog
C:\Users\Sho3la\Desktop\version3\version2\Debug\link.6740-rc.read.1.tlog
C:\Users\Sho3la\Desktop\version3\version2\Debug\link.6740-rc.write.1.tlog
C:\Users\Sho3la\Desktop\version3\version2\Debug\link.6740.read.1.tlog
C:\Users\Sho3la\Desktop\version3\version2\Debug\link.6740.write.1.tlog
C:\Users\Sho3la\Desktop\version3\version2\Debug\link.6804-cvtres.read.1.tlog
C:\Users\Sho3la\Desktop\version3\version2\Debug\link.6804-cvtres.write.1.tlog
C:\Users\Sho3la\Desktop\version3\version2\Debug\link.6804-rc.read.1.tlog
C:\Users\Sho3la\Desktop\version3\version2\Debug\link.6804-rc.write.1.tlog
C:\Users\Sho3la\Desktop\version3\version2\Debug\link.6804.read.1.tlog
C:\Users\Sho3la\Desktop\version3\version2\Debug\link.6804.write.1.tlog
C:\Users\Sho3la\Desktop\version3\version2\Debug\link.6916-cvtres.read.1.tlog
C:\Users\Sho3la\Desktop\version3\version2\Debug\link.6916-cvtres.write.1.tlog
C:\Users\Sho3la\Desktop\version3\version2\Debug\link.6916-rc.read.1.tlog
C:\Users\Sho3la\Desktop\version3\version2\Debug\link.6916-rc.write.1.tlog
C:\Users\Sho3la\Desktop\version3\version2\Debug\link.6916.read.1.tlog
C:\Users\Sho3la\Desktop\version3\version2\Debug\link.6916.write.1.tlog
C:\Users\Sho3la\Desktop\version3\version2\Debug\link.7156-cvtres.read.1.tlog
C:\Users\Sho3la\Desktop\version3\version2\Debug\link.7156-cvtres.write.1.tlog
C:\Users\Sho3la\Desktop\version3\version2\Debug\link.7156-rc.read.1.tlog
C:\Users\Sho3la\Desktop\version3\version2\Debug\link.7156-rc.write.1.tlog
C:\Users\Sho3la\Desktop\version3\version2\Debug\link.7156.read.1.tlog
C:\Users\Sho3la\Desktop\version3\version2\Debug\link.7156.write.1.tlog
C:\Users\Sho3la\Desktop\version3\version2\Debug\link.7160-cvtres.read.1.tlog
C:\Users\Sho3la\Desktop\version3\version2\Debug\link.7160-cvtres.write.1.tlog
C:\Users\Sho3la\Desktop\version3\version2\Debug\link.7160-rc.read.1.tlog
C:\Users\Sho3la\Desktop\version3\version2\Debug\link.7160-rc.write.1.tlog
C:\Users\Sho3la\Desktop\version3\version2\Debug\link.7160.read.1.tlog
C:\Users\Sho3la\Desktop\version3\version2\Debug\link.7160.write.1.tlog
C:\Users\Sho3la\Desktop\version3\version2\Debug\link.7196-cvtres.read.1.tlog
C:\Users\Sho3la\Desktop\version3\version2\Debug\link.7196-cvtres.write.1.tlog
C:\Users\Sho3la\Desktop\version3\version2\Debug\link.7196-rc.read.1.tlog
C:\Users\Sho3la\Desktop\version3\version2\Debug\link.7196-rc.write.1.tlog
C:\Users\Sho3la\Desktop\version3\version2\Debug\link.7196.read.1.tlog
C:\Users\Sho3la\Desktop\version3\version2\Debug\link.7196.write.1.tlog
C:\Users\Sho3la\Desktop\version3\version2\Debug\link.7804-cvtres.read.1.tlog
C:\Users\Sho3la\Desktop\version3\version2\Debug\link.7804-cvtres.write.1.tlog
C:\Users\Sho3la\Desktop\version3\version2\Debug\link.7804-rc.read.1.tlog
C:\Users\Sho3la\Desktop\version3\version2\Debug\link.7804-rc.write.1.tlog
C:\Users\Sho3la\Desktop\version3\version2\Debug\link.7804.read.1.tlog
C:\Users\Sho3la\Desktop\version3\version2\Debug\link.7804.write.1.tlog
C:\Users\Sho3la\Desktop\version3\version2\Debug\link.7912-cvtres.read.1.tlog
C:\Users\Sho3la\Desktop\version3\version2\Debug\link.7912-cvtres.write.1.tlog
C:\Users\Sho3la\Desktop\version3\version2\Debug\link.7912-rc.read.1.tlog
C:\Users\Sho3la\Desktop\version3\version2\Debug\link.7912-rc.write.1.tlog
C:\Users\Sho3la\Desktop\version3\version2\Debug\link.7912.read.1.tlog
C:\Users\Sho3la\Desktop\version3\version2\Debug\link.7912.write.1.tlog
C:\Users\Sho3la\Desktop\version3\version2\Debug\link.848-cvtres.read.1.tlog
C:\Users\Sho3la\Desktop\version3\version2\Debug\link.848-cvtres.write.1.tlog
C:\Users\Sho3la\Desktop\version3\version2\Debug\link.848-rc.read.1.tlog
C:\Users\Sho3la\Desktop\version3\version2\Debug\link.848-rc.write.1.tlog
C:\Users\Sho3la\Desktop\version3\version2\Debug\link.848.read.1.tlog
C:\Users\Sho3la\Desktop\version3\version2\Debug\link.848.write.1.tlog
C:\Users\Sho3la\Desktop\version3\version2\Debug\link.command.1.tlog
C:\Users\Sho3la\Desktop\version3\version2\Debug\link.read.1.tlog
C:\Users\Sho3la\Desktop\version3\version2\Debug\link.write.1.tlog
C:\Users\Sho3la\Desktop\version3\version2\Debug\vc110.idb
C:\Users\Sho3la\Desktop\version3\version2\Debug\vc110.pdb
C:\Users\Sho3la\Desktop\version3\Debug\version2.pdb
C:\Users\Sho3la\Desktop\version3\Debug\version2.exe
C:\Users\Sho3la\Desktop\version3\Debug\version2.ilk
