Build started 8/19/2015 1:28:31 AM.
     1>Project "C:\Users\Sho3la\Desktop\BreakPhysics\Physics\Physics\Physics.vcxproj" on node 2 (Build target(s)).
     1>ClCompile:
         C:\Program Files (x86)\Microsoft Visual Studio 11.0\VC\bin\CL.exe /c /I"C:\Program Files (x86)\Visual Leak Detector\include" /ZI /nologo /W3 /WX- /sdl /Od /Oy- /D WIN32 /D _DEBUG /D _CONSOLE /D _UNICODE /D UNICODE /Gm /EHsc /RTC1 /MDd /GS /fp:precise /Zc:wchar_t /Zc:forScope /Fo"Debug\\" /Fd"Debug\vc110.pdb" /Gd /TP /analyze- /errorReport:prompt PhysicsN.cpp main.cpp
         main.cpp
     1>c:\users\sho3la\desktop\breakphysics\physics\physics\main.cpp(71): warning C4018: '<' : signed/unsigned mismatch
         PhysicsN.cpp
     1>c:\users\sho3la\desktop\breakphysics\physics\physics\physicsn.cpp(11): warning C4018: '<' : signed/unsigned mismatch
     1>c:\users\sho3la\desktop\breakphysics\physics\physics\physicsn.cpp(113): warning C4244: 'argument' : conversion from 'double' to 'real', possible loss of data
         Generating Code...
       Link:
         C:\Program Files (x86)\Microsoft Visual Studio 11.0\VC\bin\link.exe /ERRORREPORT:PROMPT /OUT:"C:\Users\Sho3la\Desktop\BreakPhysics\Physics\Debug\Physics.exe" /INCREMENTAL /NOLOGO /LIBPATH:"C:\Program Files (x86)\Visual Leak Detector\lib\Win32" opengl32.lib glew32.lib glfw3.lib kernel32.lib user32.lib gdi32.lib winspool.lib comdlg32.lib advapi32.lib shell32.lib ole32.lib oleaut32.lib uuid.lib odbc32.lib odbccp32.lib /MANIFEST /MANIFESTUAC:"level='asInvoker' uiAccess='false'" /manifest:embed /DEBUG /PDB:"C:\Users\Sho3la\Desktop\BreakPhysics\Physics\Debug\Physics.pdb" /SUBSYSTEM:CONSOLE /TLBID:1 /DYNAMICBASE /NXCOMPAT /IMPLIB:"C:\Users\Sho3la\Desktop\BreakPhysics\Physics\Debug\Physics.lib" /MACHINE:X86 Debug\Body2D.obj
         Debug\Circle.obj
         Debug\Clock.obj
         Debug\Collision.obj
         Debug\main.obj
         Debug\Manifold.obj
         Debug\PhysicsN.obj
         Debug\Polygon.obj
         Physics.vcxproj -> C:\Users\Sho3la\Desktop\BreakPhysics\Physics\Debug\Physics.exe
     1>Done Building Project "C:\Users\Sho3la\Desktop\BreakPhysics\Physics\Physics\Physics.vcxproj" (Build target(s)).

Build succeeded.

Time Elapsed 00:00:03.15
