Build started 7/21/2015 9:29:56 PM.
     1>Project "D:\PhysicsN\PhysicsN\PhysicsN.vcxproj" on node 2 (Build target(s)).
     1>ClCompile:
         C:\Program Files (x86)\Microsoft Visual Studio 11.0\VC\bin\CL.exe /c /ZI /nologo /W3 /WX- /sdl /Od /Oy- /D WIN32 /D _DEBUG /D _CONSOLE /D _UNICODE /D UNICODE /Gm /EHsc /RTC1 /MDd /GS /fp:precise /Zc:wchar_t /Zc:forScope /Fo"Debug\\" /Fd"Debug\vc110.pdb" /Gd /TP /analyze- /errorReport:prompt Body.cpp circle.cpp Clock.cpp Collision.cpp main.cpp Manifold.cpp PhysicsN.cpp Polygon.cpp Precompiled.cpp Render.cpp Scene.cpp
         Scene.cpp
         Render.cpp
         Precompiled.cpp
         Compiling Precompiled Header File...
         Polygon.cpp
         PhysicsN.cpp
         Manifold.cpp
         main.cpp
         Collision.cpp
         Clock.cpp
         circle.cpp
         Body.cpp
         Generating Code...
       Link:
         C:\Program Files (x86)\Microsoft Visual Studio 11.0\VC\bin\link.exe /ERRORREPORT:PROMPT /OUT:"D:\PhysicsN\Debug\PhysicsN.exe" /INCREMENTAL /NOLOGO kernel32.lib user32.lib gdi32.lib winspool.lib comdlg32.lib advapi32.lib shell32.lib ole32.lib oleaut32.lib uuid.lib odbc32.lib odbccp32.lib /MANIFEST /MANIFESTUAC:"level='asInvoker' uiAccess='false'" /manifest:embed /DEBUG /PDB:"D:\PhysicsN\Debug\PhysicsN.pdb" /SUBSYSTEM:CONSOLE /TLBID:1 /DYNAMICBASE /NXCOMPAT /IMPLIB:"D:\PhysicsN\Debug\PhysicsN.lib" /MACHINE:X86 Debug\Body.obj
         Debug\circle.obj
         Debug\Clock.obj
         Debug\Collision.obj
         Debug\main.obj
         Debug\Manifold.obj
         Debug\PhysicsN.obj
         Debug\Polygon.obj
         Debug\Precompiled.obj
         Debug\Render.obj
         Debug\Scene.obj
         PhysicsN.vcxproj -> D:\PhysicsN\Debug\PhysicsN.exe
     1>Done Building Project "D:\PhysicsN\PhysicsN\PhysicsN.vcxproj" (Build target(s)).

Build succeeded.

Time Elapsed 00:00:13.93
